# JRE version: 7.0_25-b17
# Java VM: Java HotSpot(TM) Client VM (23.25-b01 mixed mode windows-x86 )
Heap
 def new generation   total 8960K, used 3820K [0x04ee0000, 0x05890000, 0x1a430000)
  eden space 8000K,  35% used [0x04ee0000, 0x051ab1a8, 0x056b0000)
  from space 960K, 100% used [0x057a0000, 0x05890000, 0x05890000)
  to   space 960K,   0% used [0x056b0000, 0x056b0000, 0x057a0000)
 tenured generation   total 19728K, used 13306K [0x1a430000, 0x1b774000, 0x44ee0000)
   the space 19728K,  67% used [0x1a430000, 0x1b12eaf0, 0x1b12ec00, 0x1b774000)
 compacting perm gen  total 12288K, used 3565K [0x44ee0000, 0x45ae0000, 0x48ee0000)
   the space 12288K,  29% used [0x44ee0000, 0x4525b480, 0x4525b600, 0x45ae0000)
GC Heap History (10 events):
Event: 0.619 GC heap before
{Heap before GC invocations=2 (full 0):
 def new generation   total 4928K, used 4928K [0x04ee0000, 0x05430000, 0x1a430000)
  eden space 4416K, 100% used [0x04ee0000, 0x05330000, 0x05330000)
  from space 512K, 100% used [0x05330000, 0x053b0000, 0x053b0000)
  to   space 512K,   0% used [0x053b0000, 0x053b0000, 0x05430000)
 tenured generation   total 10944K, used 1582K [0x1a430000, 0x1aee0000, 0x44ee0000)
   the space 10944K,  14% used [0x1a430000, 0x1a5bbb18, 0x1a5bbc00, 0x1aee0000)
 compacting perm gen  total 12288K, used 3115K [0x44ee0000, 0x45ae0000, 0x48ee0000)
   the space 12288K,  25% used [0x44ee0000, 0x451eaec8, 0x451eb000, 0x45ae0000)
No shared spaces configured.
Event: 0.622 GC heap after
Heap after GC invocations=3 (full 0):
 def new generation   total 4928K, used 512K [0x04ee0000, 0x05430000, 0x1a430000)
  eden space 4416K,   0% used [0x04ee0000, 0x04ee0000, 0x05330000)
  from space 512K, 100% used [0x053b0000, 0x05430000, 0x05430000)
  to   space 512K,   0% used [0x05330000, 0x05330000, 0x053b0000)
 tenured generation   total 10944K, used 2113K [0x1a430000, 0x1aee0000, 0x44ee0000)
   the space 10944K,  19% used [0x1a430000, 0x1a640670, 0x1a640800, 0x1aee0000)
 compacting perm gen  total 12288K, used 3115K [0x44ee0000, 0x45ae0000, 0x48ee0000)
   the space 12288K,  25% used [0x44ee0000, 0x451eaec8, 0x451eb000, 0x45ae0000)
No shared spaces configured.
}
Event: 0.807 GC heap before
{Heap before GC invocations=3 (full 0):
 def new generation   total 4928K, used 4928K [0x04ee0000, 0x05430000, 0x1a430000)
  eden space 4416K, 100% used [0x04ee0000, 0x05330000, 0x05330000)
  from space 512K, 100% used [0x053b0000, 0x05430000, 0x05430000)
  to   space 512K,   0% used [0x05330000, 0x05330000, 0x053b0000)
 tenured generation   total 10944K, used 2113K [0x1a430000, 0x1aee0000, 0x44ee0000)
   the space 10944K,  19% used [0x1a430000, 0x1a640670, 0x1a640800, 0x1aee0000)
 compacting perm gen  total 12288K, used 3115K [0x44ee0000, 0x45ae0000, 0x48ee0000)
   the space 12288K,  25% used [0x44ee0000, 0x451eaee8, 0x451eb000, 0x45ae0000)
No shared spaces configured.
Event: 0.814 GC heap after
Heap after GC invocations=4 (full 0):
 def new generation   total 4928K, used 512K [0x04ee0000, 0x05430000, 0x1a430000)
  eden space 4416K,   0% used [0x04ee0000, 0x04ee0000, 0x05330000)
  from space 512K, 100% used [0x05330000, 0x053b0000, 0x053b0000)
  to   space 512K,   0% used [0x053b0000, 0x053b0000, 0x05430000)
 tenured generation   total 10944K, used 5356K [0x1a430000, 0x1aee0000, 0x44ee0000)
   the space 10944K,  48% used [0x1a430000, 0x1a96b148, 0x1a96b200, 0x1aee0000)
 compacting perm gen  total 12288K, used 3115K [0x44ee0000, 0x45ae0000, 0x48ee0000)
   the space 12288K,  25% used [0x44ee0000, 0x451eaee8, 0x451eb000, 0x45ae0000)
No shared spaces configured.
}
Event: 1.004 GC heap before
{Heap before GC invocations=4 (full 0):
 def new generation   total 4928K, used 4928K [0x04ee0000, 0x05430000, 0x1a430000)
  eden space 4416K, 100% used [0x04ee0000, 0x05330000, 0x05330000)
  from space 512K, 100% used [0x05330000, 0x053b0000, 0x053b0000)
  to   space 512K,   0% used [0x053b0000, 0x053b0000, 0x05430000)
 tenured generation   total 10944K, used 5356K [0x1a430000, 0x1aee0000, 0x44ee0000)
   the space 10944K,  48% used [0x1a430000, 0x1a96b148, 0x1a96b200, 0x1aee0000)
 compacting perm gen  total 12288K, used 3115K [0x44ee0000, 0x45ae0000, 0x48ee0000)
   the space 12288K,  25% used [0x44ee0000, 0x451eaee8, 0x451eb000, 0x45ae0000)
No shared spaces configured.
Event: 1.011 GC heap after
Heap after GC invocations=5 (full 0):
 def new generation   total 4928K, used 512K [0x04ee0000, 0x05430000, 0x1a430000)
  eden space 4416K,   0% used [0x04ee0000, 0x04ee0000, 0x05330000)
  from space 512K, 100% used [0x053b0000, 0x05430000, 0x05430000)
  to   space 512K,   0% used [0x05330000, 0x05330000, 0x053b0000)
 tenured generation   total 10944K, used 8596K [0x1a430000, 0x1aee0000, 0x44ee0000)
   the space 10944K,  78% used [0x1a430000, 0x1ac95300, 0x1ac95400, 0x1aee0000)
 compacting perm gen  total 12288K, used 3115K [0x44ee0000, 0x45ae0000, 0x48ee0000)
   the space 12288K,  25% used [0x44ee0000, 0x451eaee8, 0x451eb000, 0x45ae0000)
No shared spaces configured.
}
Event: 1.200 GC heap before
{Heap before GC invocations=5 (full 0):
 def new generation   total 4928K, used 4928K [0x04ee0000, 0x05430000, 0x1a430000)
  eden space 4416K, 100% used [0x04ee0000, 0x05330000, 0x05330000)
  from space 512K, 100% used [0x053b0000, 0x05430000, 0x05430000)
  to   space 512K,   0% used [0x05330000, 0x05330000, 0x053b0000)
 tenured generation   total 10944K, used 8596K [0x1a430000, 0x1aee0000, 0x44ee0000)
   the space 10944K,  78% used [0x1a430000, 0x1ac95300, 0x1ac95400, 0x1aee0000)
 compacting perm gen  total 12288K, used 3115K [0x44ee0000, 0x45ae0000, 0x48ee0000)
   the space 12288K,  25% used [0x44ee0000, 0x451eaee8, 0x451eb000, 0x45ae0000)
No shared spaces configured.
Event: 1.225 GC heap after
Heap after GC invocations=6 (full 1):
 def new generation   total 8960K, used 511K [0x04ee0000, 0x05890000, 0x1a430000)
  eden space 8000K,   6% used [0x04ee0000, 0x04f5fd60, 0x056b0000)
  from space 960K,   0% used [0x056b0000, 0x056b0000, 0x057a0000)
  to   space 960K,   0% used [0x057a0000, 0x057a0000, 0x05890000)
 tenured generation   total 19728K, used 11835K [0x1a430000, 0x1b774000, 0x44ee0000)
   the space 19728K,  59% used [0x1a430000, 0x1afbed50, 0x1afbee00, 0x1b774000)
 compacting perm gen  total 12288K, used 3115K [0x44ee0000, 0x45ae0000, 0x48ee0000)
   the space 12288K,  25% used [0x44ee0000, 0x451eaee8, 0x451eb000, 0x45ae0000)
No shared spaces configured.
}
Event: 2.549 GC heap before
{Heap before GC invocations=6 (full 1):
 def new generation   total 8960K, used 8000K [0x04ee0000, 0x05890000, 0x1a430000)
  eden space 8000K, 100% used [0x04ee0000, 0x056b0000, 0x056b0000)
  from space 960K,   0% used [0x056b0000, 0x056b0000, 0x057a0000)
  to   space 960K,   0% used [0x057a0000, 0x057a0000, 0x05890000)
 tenured generation   total 19728K, used 11835K [0x1a430000, 0x1b774000, 0x44ee0000)
   the space 19728K,  59% used [0x1a430000, 0x1afbed50, 0x1afbee00, 0x1b774000)
 compacting perm gen  total 12288K, used 3514K [0x44ee0000, 0x45ae0000, 0x48ee0000)
   the space 12288K,  28% used [0x44ee0000, 0x4524eac8, 0x4524ec00, 0x45ae0000)
No shared spaces configured.
Event: 2.559 GC heap after
Heap after GC invocations=7 (full 1):
 def new generation   total 8960K, used 960K [0x04ee0000, 0x05890000, 0x1a430000)
  eden space 8000K,   0% used [0x04ee0000, 0x04ee0000, 0x056b0000)
  from space 960K, 100% used [0x057a0000, 0x05890000, 0x05890000)
  to   space 960K,   0% used [0x056b0000, 0x056b0000, 0x057a0000)
 tenured generation   total 19728K, used 13306K [0x1a430000, 0x1b774000, 0x44ee0000)
   the space 19728K,  67% used [0x1a430000, 0x1b12eaf0, 0x1b12ec00, 0x1b774000)
 compacting perm gen  total 12288K, used 3514K [0x44ee0000, 0x45ae0000, 0x48ee0000)
   the space 12288K,  28% used [0x44ee0000, 0x4524eac8, 0x4524ec00, 0x45ae0000)
No shared spaces configured.
}

