# JRE version: OpenJDK Runtime Environment (15.0.2+7) (build 15.0.2+7-27)
# Java VM: OpenJDK 64-Bit Server VM (15.0.2+7-27, mixed mode, tiered, compressed oops, g1 gc, windows-amd64)
GC Precious Log:
 CPUs: 4 total, 4 available
 Memory: 8155M
 Large Page Support: Disabled
 NUMA Support: Disabled
 Compressed Oops: Enabled (32-bit)
 Heap Region Size: 1M
 Heap Min Capacity: 8M
 Heap Initial Capacity: 128M
 Heap Max Capacity: 2040M
 Pre-touch: Disabled
 Parallel Workers: 4
 Concurrent Workers: 1
 Concurrent Refinement Workers: 4
 Periodic GC: Disabled
Heap:
 garbage-first heap   total 1139712K, used 340232K [0x0000000080800000, 0x0000000100000000)
  region size 1024K, 1 young (1024K), 1 survivors (1024K)
 Metaspace       used 11422K, capacity 11585K, committed 11776K, reserved 1060864K
  class space    used 888K, capacity 942K, committed 1024K, reserved 1048576K
GC Heap History (20 events):
Event: 47318.407 GC heap after
{Heap after GC invocations=565685 (full 270):
 garbage-first heap   total 505856K, used 339821K [0x0000000080800000, 0x0000000100000000)
  region size 1024K, 1 young (1024K), 1 survivors (1024K)
 Metaspace       used 11422K, capacity 11585K, committed 11776K, reserved 1060864K
  class space    used 888K, capacity 942K, committed 1024K, reserved 1048576K
}
Event: 47318.462 GC heap before
{Heap before GC invocations=565685 (full 270):
 garbage-first heap   total 505856K, used 452461K [0x0000000080800000, 0x0000000100000000)
  region size 1024K, 111 young (113664K), 1 survivors (1024K)
 Metaspace       used 11422K, capacity 11585K, committed 11776K, reserved 1060864K
  class space    used 888K, capacity 942K, committed 1024K, reserved 1048576K
}
Event: 47318.969 GC heap after
{Heap after GC invocations=565686 (full 270):
 garbage-first heap   total 505856K, used 339861K [0x0000000080800000, 0x0000000100000000)
  region size 1024K, 1 young (1024K), 1 survivors (1024K)
 Metaspace       used 11422K, capacity 11585K, committed 11776K, reserved 1060864K
  class space    used 888K, capacity 942K, committed 1024K, reserved 1048576K
}
Event: 47319.019 GC heap before
{Heap before GC invocations=565686 (full 270):
 garbage-first heap   total 505856K, used 452501K [0x0000000080800000, 0x0000000100000000)
  region size 1024K, 111 young (113664K), 1 survivors (1024K)
 Metaspace       used 11422K, capacity 11585K, committed 11776K, reserved 1060864K
  class space    used 888K, capacity 942K, committed 1024K, reserved 1048576K
}
Event: 47319.020 GC heap after
{Heap after GC invocations=565687 (full 270):
 garbage-first heap   total 505856K, used 339923K [0x0000000080800000, 0x0000000100000000)
  region size 1024K, 1 young (1024K), 1 survivors (1024K)
 Metaspace       used 11422K, capacity 11585K, committed 11776K, reserved 1060864K
  class space    used 888K, capacity 942K, committed 1024K, reserved 1048576K
}
Event: 47319.076 GC heap before
{Heap before GC invocations=565687 (full 270):
 garbage-first heap   total 505856K, used 452563K [0x0000000080800000, 0x0000000100000000)
  region size 1024K, 111 young (113664K), 1 survivors (1024K)
 Metaspace       used 11422K, capacity 11585K, committed 11776K, reserved 1060864K
  class space    used 888K, capacity 942K, committed 1024K, reserved 1048576K
}
Event: 47319.077 GC heap after
{Heap after GC invocations=565688 (full 270):
 garbage-first heap   total 505856K, used 339908K [0x0000000080800000, 0x0000000100000000)
  region size 1024K, 1 young (1024K), 1 survivors (1024K)
 Metaspace       used 11422K, capacity 11585K, committed 11776K, reserved 1060864K
  class space    used 888K, capacity 942K, committed 1024K, reserved 1048576K
}
Event: 47319.126 GC heap before
{Heap before GC invocations=565688 (full 270):
 garbage-first heap   total 505856K, used 452548K [0x0000000080800000, 0x0000000100000000)
  region size 1024K, 111 young (113664K), 1 survivors (1024K)
 Metaspace       used 11422K, capacity 11585K, committed 11776K, reserved 1060864K
  class space    used 888K, capacity 942K, committed 1024K, reserved 1048576K
}
Event: 47319.127 GC heap after
{Heap after GC invocations=565689 (full 270):
 garbage-first heap   total 505856K, used 339912K [0x0000000080800000, 0x0000000100000000)
  region size 1024K, 1 young (1024K), 1 survivors (1024K)
 Metaspace       used 11422K, capacity 11585K, committed 11776K, reserved 1060864K
  class space    used 888K, capacity 942K, committed 1024K, reserved 1048576K
}
Event: 47319.182 GC heap before
{Heap before GC invocations=565689 (full 270):
 garbage-first heap   total 505856K, used 452552K [0x0000000080800000, 0x0000000100000000)
  region size 1024K, 111 young (113664K), 1 survivors (1024K)
 Metaspace       used 11422K, capacity 11585K, committed 11776K, reserved 1060864K
  class space    used 888K, capacity 942K, committed 1024K, reserved 1048576K
}
Event: 47319.183 GC heap after
{Heap after GC invocations=565690 (full 270):
 garbage-first heap   total 505856K, used 340046K [0x0000000080800000, 0x0000000100000000)
  region size 1024K, 1 young (1024K), 1 survivors (1024K)
 Metaspace       used 11422K, capacity 11585K, committed 11776K, reserved 1060864K
  class space    used 888K, capacity 942K, committed 1024K, reserved 1048576K
}
Event: 47319.250 GC heap before
{Heap before GC invocations=565690 (full 270):
 garbage-first heap   total 505856K, used 452686K [0x0000000080800000, 0x0000000100000000)
  region size 1024K, 111 young (113664K), 1 survivors (1024K)
 Metaspace       used 11422K, capacity 11585K, committed 11776K, reserved 1060864K
  class space    used 888K, capacity 942K, committed 1024K, reserved 1048576K
}
Event: 47319.251 GC heap after
{Heap after GC invocations=565691 (full 270):
 garbage-first heap   total 505856K, used 340203K [0x0000000080800000, 0x0000000100000000)
  region size 1024K, 1 young (1024K), 1 survivors (1024K)
 Metaspace       used 11422K, capacity 11585K, committed 11776K, reserved 1060864K
  class space    used 888K, capacity 942K, committed 1024K, reserved 1048576K
}
Event: 47319.303 GC heap before
{Heap before GC invocations=565691 (full 270):
 garbage-first heap   total 505856K, used 452843K [0x0000000080800000, 0x0000000100000000)
  region size 1024K, 111 young (113664K), 1 survivors (1024K)
 Metaspace       used 11422K, capacity 11585K, committed 11776K, reserved 1060864K
  class space    used 888K, capacity 942K, committed 1024K, reserved 1048576K
}
Event: 47319.304 GC heap after
{Heap after GC invocations=565692 (full 270):
 garbage-first heap   total 505856K, used 340203K [0x0000000080800000, 0x0000000100000000)
  region size 1024K, 1 young (1024K), 1 survivors (1024K)
 Metaspace       used 11422K, capacity 11585K, committed 11776K, reserved 1060864K
  class space    used 888K, capacity 942K, committed 1024K, reserved 1048576K
}
Event: 47319.352 GC heap before
{Heap before GC invocations=565692 (full 270):
 garbage-first heap   total 505856K, used 452843K [0x0000000080800000, 0x0000000100000000)
  region size 1024K, 111 young (113664K), 1 survivors (1024K)
 Metaspace       used 11422K, capacity 11585K, committed 11776K, reserved 1060864K
  class space    used 888K, capacity 942K, committed 1024K, reserved 1048576K
}
Event: 47319.353 GC heap after
{Heap after GC invocations=565693 (full 270):
 garbage-first heap   total 505856K, used 340254K [0x0000000080800000, 0x0000000100000000)
  region size 1024K, 1 young (1024K), 1 survivors (1024K)
 Metaspace       used 11422K, capacity 11585K, committed 11776K, reserved 1060864K
  class space    used 888K, capacity 942K, committed 1024K, reserved 1048576K
}
Event: 47319.418 GC heap before
{Heap before GC invocations=565693 (full 270):
 garbage-first heap   total 505856K, used 452894K [0x0000000080800000, 0x0000000100000000)
  region size 1024K, 111 young (113664K), 1 survivors (1024K)
 Metaspace       used 11422K, capacity 11585K, committed 11776K, reserved 1060864K
  class space    used 888K, capacity 942K, committed 1024K, reserved 1048576K
}
Event: 47319.419 GC heap after
{Heap after GC invocations=565694 (full 270):
 garbage-first heap   total 505856K, used 340229K [0x0000000080800000, 0x0000000100000000)
  region size 1024K, 1 young (1024K), 1 survivors (1024K)
 Metaspace       used 11422K, capacity 11585K, committed 11776K, reserved 1060864K
  class space    used 888K, capacity 942K, committed 1024K, reserved 1048576K
}
Event: 47319.467 GC heap before
{Heap before GC invocations=565694 (full 270):
 garbage-first heap   total 505856K, used 452869K [0x0000000080800000, 0x0000000100000000)
  region size 1024K, 111 young (113664K), 1 survivors (1024K)
 Metaspace       used 11422K, capacity 11585K, committed 11776K, reserved 1060864K
  class space    used 888K, capacity 942K, committed 1024K, reserved 1048576K
}

